Уже обновлено.
[master 4ff8beeee] Updated db 2020-06-19 08:58
 230 files changed, 226 insertions(+), 526 deletions(-)
 rewrite api/db/cron.log (99%)
 rewrite api/db/data/111/tours.json (75%)
 rewrite api/db/data/141/tours.json (72%)
 rewrite api/db/data/2/tours.json (73%)
 rewrite api/db/data/214/tours.json (84%)
 rewrite api/db/data/219/tours.json (85%)
 rewrite api/db/data/222/tours.json (65%)
 rewrite api/db/data/230/tours.json (87%)
 rewrite api/db/data/260/tours.json (79%)
 rewrite api/db/data/27/tours.json (79%)
 rewrite api/db/data/31/tours.json (65%)
 rewrite api/db/data/38/tours.json (78%)
 rewrite api/db/data/4/tours.json (75%)
 rewrite api/db/data/462/tours.json (85%)
 rewrite api/db/data/478/tours.json (76%)
 rewrite api/db/data/487/tours.json (69%)
 rewrite api/db/data/498/tours.json (77%)
 create mode 100644 api/db/data/540/cabins.json
 create mode 100644 api/db/data/540/description.json
 rename api/db/data/{219/315043.json => 540/tours.json} (100%)
 rewrite api/db/data/7/tours.json (76%)
 rewrite api/db/data/72/tours.json (69%)
 rewrite api/db/data/77/tours.json (79%)
 rewrite api/db/data/83/356660.json (97%)
 rewrite api/db/data/83/tours.json (68%)
 rewrite api/db/data/95/tours.json (74%)
 create mode 100644 api/db/data/99/354902.json
 rewrite api/db/data/99/tours.json (67%)
 rewrite api/db/data/vdh/10/10011.json (77%)
 rewrite api/db/data/vdh/11/10409.json (86%)
 rewrite api/db/data/vdh/11/9397.json (70%)
 rewrite api/db/data/vdh/15/11599.json (88%)
 rewrite api/db/data/vdh/15/9584.json (71%)
 rewrite api/db/data/vdh/15/9596.json (90%)
 rewrite api/db/data/vdh/15/9602.json (72%)
 rewrite api/db/data/vdh/16/11616.json (63%)
 rewrite api/db/data/vdh/16/11620.json (78%)
 rewrite api/db/data/vdh/16/11627.json (72%)
 rewrite api/db/data/vdh/16/11629.json (69%)
 rewrite api/db/data/vdh/16/9286.json (64%)
 rewrite api/db/data/vdh/16/9288.json (66%)
 rewrite api/db/data/vdh/16/9289.json (74%)
 rewrite api/db/data/vdh/16/9290.json (76%)
 rewrite api/db/data/vdh/29/10298.json (74%)
 rewrite api/db/data/vdh/29/9681.json (65%)
 rewrite api/db/data/vdh/29/9691.json (80%)
 rewrite api/db/data/vdh/29/9762.json (78%)
 rewrite api/db/data/vdh/29/9765.json (67%)
 rewrite api/db/data/vdh/29/9810.json (78%)
 rewrite api/db/data/vdh/32/11287.json (78%)
 rewrite api/db/data/vdh/32/11288.json (77%)
 rewrite api/db/data/vdh/32/11289.json (80%)
 rewrite api/db/data/vdh/32/11290.json (80%)
 rewrite api/db/data/vdh/32/9424.json (72%)
 rewrite api/db/data/vdh/32/9428.json (72%)
 rewrite api/db/data/vdh/32/9435.json (61%)
 delete mode 100644 api/db/data/vdh/40/10615.json
 delete mode 100644 api/db/data/vdh/40/10616.json
 delete mode 100644 api/db/data/vdh/40/cruises.json
 rewrite api/db/data/vdh/42/11045.json (70%)
 rewrite api/db/data/vdh/42/11046.json (70%)
 rewrite api/db/data/vdh/42/11106.json (68%)
 rewrite api/db/data/vdh/50/10122.json (68%)
 rewrite api/db/data/vdh/50/10127.json (70%)
 rewrite api/db/data/vdh/50/10142.json (68%)
 rewrite api/db/data/vdh/50/10147.json (61%)
 rewrite api/db/data/vdh/50/10150.json (70%)
 rewrite api/db/data/vdh/50/10196.json (74%)
 rewrite api/db/data/vdh/7/11534.json (75%)
 rewrite api/db/data/vdh/9/11055.json (62%)
 rewrite api/db/data/vdh/9/11058.json (81%)
 rewrite api/db/data/vdh/9/11062.json (81%)
 rewrite api/db/data/vdh/9/11067.json (68%)
 rewrite api/db/data/vdh/9/11076.json (65%)
 rewrite api/db/data/vdh/90/10437.json (94%)
 rewrite api/db/data/vdh/90/10438.json (95%)
 rewrite api/db/data/vdh/90/11110.json (93%)
 rewrite api/db/data/vdh/cruises.json (71%)
 rewrite api/db/data/vdh/motorships.json (61%)
