Обновление b06d56b33..968b39547
Fast-forward
 _pages/index.md                   |  2 +-
 api/ajax/api-import.php           | 28 +++++++++++++++++++++++++++-
 api/ajax/api.log                  |  1 +
 api/ajax/cruises.json             |  2 +-
 api/ajax/data/4/tours.json        |  2 +-
 api/ajax/data/478/tours.json      |  2 +-
 api/ajax/data/498/tours.json      |  2 +-
 api/ajax/data/83/tours.json       |  2 +-
 api/ajax/data/vdh/1/12527.json    |  2 +-
 api/ajax/data/vdh/1/cruises.json  |  2 +-
 api/ajax/data/vdh/29/11512.json   |  2 +-
 api/ajax/data/vdh/29/cruises.json |  2 +-
 api/ajax/data/vdh/3/11152.json    |  2 +-
 api/ajax/data/vdh/3/12454.json    |  2 +-
 api/ajax/data/vdh/3/cruises.json  |  2 +-
 api/ajax/data/vdh/4/12281.json    |  2 +-
 api/ajax/data/vdh/4/12297.json    |  2 +-
 api/ajax/data/vdh/4/cruises.json  |  2 +-
 api/ajax/data/vdh/42/12483.json   |  2 +-
 api/ajax/data/vdh/42/cruises.json |  2 +-
 api/ajax/data/vdh/6/11351.json    |  2 +-
 api/ajax/data/vdh/6/11677.json    |  2 +-
 api/ajax/data/vdh/6/cruises.json  |  2 +-
 api/ajax/data/vdh/7/12515.json    |  2 +-
 api/ajax/data/vdh/7/cruises.json  |  2 +-
 api/ajax/data/vdh/cruises.json    |  2 +-
 api/ajax/data/vdh/motorships.json |  2 +-
 api/ajax/mtfships.json            |  1 +
 api/ajax/shipsimages.json         |  1 +
 assets/js/details.js              |  6 ++++--
 assets/js/ships-list.js           |  8 ++++----
 assets/js/spec.js                 |  2 +-
 32 files changed, 64 insertions(+), 33 deletions(-)
 create mode 100644 api/ajax/api.log
 create mode 100644 api/ajax/mtfships.json
 create mode 100644 api/ajax/shipsimages.json
